#-----------------------------------------------------------
# Vivado v2020.1 (64-bit)
# SW Build 2902540 on Wed May 27 19:54:35 MDT 2020
# IP Build 2902112 on Wed May 27 22:43:36 MDT 2020
# Start of session at: Fri Nov 12 17:40:16 2021
# Process ID: 3171
# Current directory: /tmp/finn_dev_wenlong/vivado_stitch_proj_cdkqng13
# Command line: vivado -mode batch -source make_project.tcl
# Log file: /tmp/finn_dev_wenlong/vivado_stitch_proj_cdkqng13/vivado.log
# Journal file: /tmp/finn_dev_wenlong/vivado_stitch_proj_cdkqng13/vivado.jou
#-----------------------------------------------------------
source make_project.tcl
# create_project finn_vivado_stitch_proj /tmp/finn_dev_wenlong/vivado_stitch_proj_cdkqng13 -part xc7a50tfgg484-1
# set_property ip_repo_paths [list /workspace/finn/finn-rtllib/memstream /tmp/finn_dev_wenlong/code_gen_ipgen_StreamingFIFO_0_jydit6dc/project_StreamingFIFO_0/sol1/impl/verilog /tmp/finn_dev_wenlong/code_gen_ipgen_ConvolutionInputGenerator1D_0_wd1mikb5/project_ConvolutionInputGenerator1D_0/sol1/impl/ip /tmp/finn_dev_wenlong/code_gen_ipgen_StreamingFIFO_1_n8tys05v/project_StreamingFIFO_1/sol1/impl/verilog /tmp/finn_dev_wenlong/code_gen_ipgen_StreamingFCLayer_Batch_0_g2v2b1s6/project_StreamingFCLayer_Batch_0/sol1/impl/ip /tmp/finn_dev_wenlong/code_gen_ipgen_StreamingDataWidthConverter_Batch_0_1zunxal7/project_StreamingDataWidthConverter_Batch_0/sol1/impl/ip /tmp/finn_dev_wenlong/code_gen_ipgen_StreamingMaxPool_Batch_0_uwwysabi/project_StreamingMaxPool_Batch_0/sol1/impl/ip /tmp/finn_dev_wenlong/code_gen_ipgen_ConvolutionInputGenerator1D_1_o09kem3c/project_ConvolutionInputGenerator1D_1/sol1/impl/ip /tmp/finn_dev_wenlong/code_gen_ipgen_StreamingFIFO_5_p1huirgc/project_StreamingFIFO_5/sol1/impl/verilog /tmp/finn_dev_wenlong/code_gen_ipgen_StreamingFCLayer_Batch_1_yibnydgz/project_StreamingFCLayer_Batch_1/sol1/impl/ip /tmp/finn_dev_wenlong/code_gen_ipgen_StreamingDataWidthConverter_Batch_1_brghocou/project_StreamingDataWidthConverter_Batch_1/sol1/impl/ip /tmp/finn_dev_wenlong/code_gen_ipgen_StreamingMaxPool_Batch_1_q7whij1z/project_StreamingMaxPool_Batch_1/sol1/impl/ip /tmp/finn_dev_wenlong/code_gen_ipgen_ConvolutionInputGenerator1D_2_xjb3ji5b/project_ConvolutionInputGenerator1D_2/sol1/impl/ip /tmp/finn_dev_wenlong/code_gen_ipgen_StreamingFIFO_9_ga0p2bly/project_StreamingFIFO_9/sol1/impl/verilog /tmp/finn_dev_wenlong/code_gen_ipgen_StreamingFCLayer_Batch_2_wet3oqxv/project_StreamingFCLayer_Batch_2/sol1/impl/ip /tmp/finn_dev_wenlong/code_gen_ipgen_StreamingDataWidthConverter_Batch_2_glhxbssk/project_StreamingDataWidthConverter_Batch_2/sol1/impl/ip /tmp/finn_dev_wenlong/code_gen_ipgen_StreamingMaxPool_Batch_2_jovrtsv5/project_StreamingMaxPool_Batch_2/sol1/impl/ip /tmp/finn_dev_wenlong/code_gen_ipgen_StreamingFCLayer_Batch_3_y742j0r7/project_StreamingFCLayer_Batch_3/sol1/impl/ip /tmp/finn_dev_wenlong/code_gen_ipgen_StreamingFCLayer_Batch_4_anlltttj/project_StreamingFCLayer_Batch_4/sol1/impl/ip /tmp/finn_dev_wenlong/code_gen_ipgen_LabelSelect_Batch_0_i0x04di2/project_LabelSelect_Batch_0/sol1/impl/ip] [current_project]
# update_ip_catalog
INFO: [IP_Flow 19-234] Refreshing IP repositories
INFO: [IP_Flow 19-1700] Loaded user IP repository '/workspace/finn/finn-rtllib/memstream'.
INFO: [IP_Flow 19-1700] Loaded user IP repository '/tmp/finn_dev_wenlong/code_gen_ipgen_StreamingFIFO_0_jydit6dc/project_StreamingFIFO_0/sol1/impl/verilog'.
INFO: [IP_Flow 19-1700] Loaded user IP repository '/tmp/finn_dev_wenlong/code_gen_ipgen_ConvolutionInputGenerator1D_0_wd1mikb5/project_ConvolutionInputGenerator1D_0/sol1/impl/ip'.
INFO: [IP_Flow 19-1700] Loaded user IP repository '/tmp/finn_dev_wenlong/code_gen_ipgen_StreamingFIFO_1_n8tys05v/project_StreamingFIFO_1/sol1/impl/verilog'.
INFO: [IP_Flow 19-1700] Loaded user IP repository '/tmp/finn_dev_wenlong/code_gen_ipgen_StreamingFCLayer_Batch_0_g2v2b1s6/project_StreamingFCLayer_Batch_0/sol1/impl/ip'.
INFO: [IP_Flow 19-1700] Loaded user IP repository '/tmp/finn_dev_wenlong/code_gen_ipgen_StreamingDataWidthConverter_Batch_0_1zunxal7/project_StreamingDataWidthConverter_Batch_0/sol1/impl/ip'.
INFO: [IP_Flow 19-1700] Loaded user IP repository '/tmp/finn_dev_wenlong/code_gen_ipgen_StreamingMaxPool_Batch_0_uwwysabi/project_StreamingMaxPool_Batch_0/sol1/impl/ip'.
INFO: [IP_Flow 19-1700] Loaded user IP repository '/tmp/finn_dev_wenlong/code_gen_ipgen_ConvolutionInputGenerator1D_1_o09kem3c/project_ConvolutionInputGenerator1D_1/sol1/impl/ip'.
INFO: [IP_Flow 19-1700] Loaded user IP repository '/tmp/finn_dev_wenlong/code_gen_ipgen_StreamingFIFO_5_p1huirgc/project_StreamingFIFO_5/sol1/impl/verilog'.
INFO: [IP_Flow 19-1700] Loaded user IP repository '/tmp/finn_dev_wenlong/code_gen_ipgen_StreamingFCLayer_Batch_1_yibnydgz/project_StreamingFCLayer_Batch_1/sol1/impl/ip'.
INFO: [IP_Flow 19-1700] Loaded user IP repository '/tmp/finn_dev_wenlong/code_gen_ipgen_StreamingDataWidthConverter_Batch_1_brghocou/project_StreamingDataWidthConverter_Batch_1/sol1/impl/ip'.
INFO: [IP_Flow 19-1700] Loaded user IP repository '/tmp/finn_dev_wenlong/code_gen_ipgen_StreamingMaxPool_Batch_1_q7whij1z/project_StreamingMaxPool_Batch_1/sol1/impl/ip'.
INFO: [IP_Flow 19-1700] Loaded user IP repository '/tmp/finn_dev_wenlong/code_gen_ipgen_ConvolutionInputGenerator1D_2_xjb3ji5b/project_ConvolutionInputGenerator1D_2/sol1/impl/ip'.
INFO: [IP_Flow 19-1700] Loaded user IP repository '/tmp/finn_dev_wenlong/code_gen_ipgen_StreamingFIFO_9_ga0p2bly/project_StreamingFIFO_9/sol1/impl/verilog'.
INFO: [IP_Flow 19-1700] Loaded user IP repository '/tmp/finn_dev_wenlong/code_gen_ipgen_StreamingFCLayer_Batch_2_wet3oqxv/project_StreamingFCLayer_Batch_2/sol1/impl/ip'.
INFO: [IP_Flow 19-1700] Loaded user IP repository '/tmp/finn_dev_wenlong/code_gen_ipgen_StreamingDataWidthConverter_Batch_2_glhxbssk/project_StreamingDataWidthConverter_Batch_2/sol1/impl/ip'.
INFO: [IP_Flow 19-1700] Loaded user IP repository '/tmp/finn_dev_wenlong/code_gen_ipgen_StreamingMaxPool_Batch_2_jovrtsv5/project_StreamingMaxPool_Batch_2/sol1/impl/ip'.
INFO: [IP_Flow 19-1700] Loaded user IP repository '/tmp/finn_dev_wenlong/code_gen_ipgen_StreamingFCLayer_Batch_3_y742j0r7/project_StreamingFCLayer_Batch_3/sol1/impl/ip'.
INFO: [IP_Flow 19-1700] Loaded user IP repository '/tmp/finn_dev_wenlong/code_gen_ipgen_StreamingFCLayer_Batch_4_anlltttj/project_StreamingFCLayer_Batch_4/sol1/impl/ip'.
INFO: [IP_Flow 19-1700] Loaded user IP repository '/tmp/finn_dev_wenlong/code_gen_ipgen_LabelSelect_Batch_0_i0x04di2/project_LabelSelect_Batch_0/sol1/impl/ip'.
INFO: [IP_Flow 19-2313] Loaded Vivado IP repository '/tools/Xilinx/Vivado/2020.1/data/ip'.
# create_bd_design "finn_design"
Wrote  : </tmp/finn_dev_wenlong/vivado_stitch_proj_cdkqng13/finn_vivado_stitch_proj.srcs/sources_1/bd/finn_design/finn_design.bd> 
# create_bd_cell -type ip -vlnv xilinx.com:hls:StreamingFIFO_0:1.0 StreamingFIFO_0
# create_bd_cell -type ip -vlnv xilinx.com:hls:ConvolutionInputGenerator1D_0:1.0 ConvolutionInputGenerator1D_0
WARNING: [BD 41-1753] The name 'ConvolutionInputGenerator1D_0' you have specified is long. The Windows OS has path length limitations. It is recommended you use shorter names(less than 25 characters) to reduce the likelihood of issues when/if running on windows OS.
# create_bd_cell -type hier StreamingFIFO_1
# create_bd_pin -dir I -type clk /StreamingFIFO_1/ap_clk
# create_bd_pin -dir I -type rst /StreamingFIFO_1/ap_rst_n
# create_bd_intf_pin -mode Master -vlnv xilinx.com:interface:axis_rtl:1.0 /StreamingFIFO_1/out_V_V
# create_bd_intf_pin -mode Slave -vlnv xilinx.com:interface:axis_rtl:1.0 /StreamingFIFO_1/in0_V_V
# create_bd_cell -type ip -vlnv xilinx.com:ip:axis_data_fifo:2.0 /StreamingFIFO_1/fifo
# set_property -dict [list CONFIG.FIFO_DEPTH {8192}] [get_bd_cells /StreamingFIFO_1/fifo]
# set_property -dict [list CONFIG.FIFO_MEMORY_TYPE {block}] [get_bd_cells /StreamingFIFO_1/fifo]
# set_property -dict [list CONFIG.TDATA_NUM_BYTES {1}] [get_bd_cells /StreamingFIFO_1/fifo]
# connect_bd_intf_net [get_bd_intf_pins StreamingFIFO_1/fifo/M_AXIS] [get_bd_intf_pins StreamingFIFO_1/out_V_V]
# connect_bd_intf_net [get_bd_intf_pins StreamingFIFO_1/fifo/S_AXIS] [get_bd_intf_pins StreamingFIFO_1/in0_V_V]
# connect_bd_net [get_bd_pins StreamingFIFO_1/ap_rst_n] [get_bd_pins StreamingFIFO_1/fifo/s_axis_aresetn]
# connect_bd_net [get_bd_pins StreamingFIFO_1/ap_clk] [get_bd_pins StreamingFIFO_1/fifo/s_axis_aclk]
# create_bd_cell -type ip -vlnv xilinx.com:hls:StreamingFCLayer_Batch_0:1.0 StreamingFCLayer_Batch_0
# create_bd_cell -type ip -vlnv xilinx.com:hls:StreamingDataWidthConverter_Batch_0:1.0 StreamingDataWidthConverter_Batch_0
WARNING: [BD 41-1753] The name 'StreamingDataWidthConverter_Batch_0' you have specified is long. The Windows OS has path length limitations. It is recommended you use shorter names(less than 25 characters) to reduce the likelihood of issues when/if running on windows OS.
# create_bd_cell -type ip -vlnv xilinx.com:hls:StreamingMaxPool_Batch_0:1.0 StreamingMaxPool_Batch_0
# create_bd_cell -type ip -vlnv xilinx.com:hls:ConvolutionInputGenerator1D_1:1.0 ConvolutionInputGenerator1D_1
WARNING: [BD 41-1753] The name 'ConvolutionInputGenerator1D_1' you have specified is long. The Windows OS has path length limitations. It is recommended you use shorter names(less than 25 characters) to reduce the likelihood of issues when/if running on windows OS.
# create_bd_cell -type hier StreamingFIFO_5
# create_bd_pin -dir I -type clk /StreamingFIFO_5/ap_clk
# create_bd_pin -dir I -type rst /StreamingFIFO_5/ap_rst_n
# create_bd_intf_pin -mode Master -vlnv xilinx.com:interface:axis_rtl:1.0 /StreamingFIFO_5/out_V_V
# create_bd_intf_pin -mode Slave -vlnv xilinx.com:interface:axis_rtl:1.0 /StreamingFIFO_5/in0_V_V
# create_bd_cell -type ip -vlnv xilinx.com:ip:axis_data_fifo:2.0 /StreamingFIFO_5/fifo
# set_property -dict [list CONFIG.FIFO_DEPTH {2048}] [get_bd_cells /StreamingFIFO_5/fifo]
# set_property -dict [list CONFIG.FIFO_MEMORY_TYPE {block}] [get_bd_cells /StreamingFIFO_5/fifo]
# set_property -dict [list CONFIG.TDATA_NUM_BYTES {4}] [get_bd_cells /StreamingFIFO_5/fifo]
# connect_bd_intf_net [get_bd_intf_pins StreamingFIFO_5/fifo/M_AXIS] [get_bd_intf_pins StreamingFIFO_5/out_V_V]
# connect_bd_intf_net [get_bd_intf_pins StreamingFIFO_5/fifo/S_AXIS] [get_bd_intf_pins StreamingFIFO_5/in0_V_V]
# connect_bd_net [get_bd_pins StreamingFIFO_5/ap_rst_n] [get_bd_pins StreamingFIFO_5/fifo/s_axis_aresetn]
# connect_bd_net [get_bd_pins StreamingFIFO_5/ap_clk] [get_bd_pins StreamingFIFO_5/fifo/s_axis_aclk]
# create_bd_cell -type ip -vlnv xilinx.com:hls:StreamingFCLayer_Batch_1:1.0 StreamingFCLayer_Batch_1
# create_bd_cell -type ip -vlnv xilinx.com:hls:StreamingDataWidthConverter_Batch_1:1.0 StreamingDataWidthConverter_Batch_1
WARNING: [BD 41-1753] The name 'StreamingDataWidthConverter_Batch_1' you have specified is long. The Windows OS has path length limitations. It is recommended you use shorter names(less than 25 characters) to reduce the likelihood of issues when/if running on windows OS.
# create_bd_cell -type ip -vlnv xilinx.com:hls:StreamingMaxPool_Batch_1:1.0 StreamingMaxPool_Batch_1
# create_bd_cell -type ip -vlnv xilinx.com:hls:ConvolutionInputGenerator1D_2:1.0 ConvolutionInputGenerator1D_2
WARNING: [BD 41-1753] The name 'ConvolutionInputGenerator1D_2' you have specified is long. The Windows OS has path length limitations. It is recommended you use shorter names(less than 25 characters) to reduce the likelihood of issues when/if running on windows OS.
# create_bd_cell -type ip -vlnv xilinx.com:hls:StreamingFIFO_9:1.0 StreamingFIFO_9
# create_bd_cell -type ip -vlnv xilinx.com:hls:StreamingFCLayer_Batch_2:1.0 StreamingFCLayer_Batch_2
# create_bd_cell -type ip -vlnv xilinx.com:hls:StreamingDataWidthConverter_Batch_2:1.0 StreamingDataWidthConverter_Batch_2
WARNING: [BD 41-1753] The name 'StreamingDataWidthConverter_Batch_2' you have specified is long. The Windows OS has path length limitations. It is recommended you use shorter names(less than 25 characters) to reduce the likelihood of issues when/if running on windows OS.
# create_bd_cell -type ip -vlnv xilinx.com:hls:StreamingMaxPool_Batch_2:1.0 StreamingMaxPool_Batch_2
# create_bd_cell -type ip -vlnv xilinx.com:hls:StreamingFCLayer_Batch_3:1.0 StreamingFCLayer_Batch_3
# create_bd_cell -type ip -vlnv xilinx.com:hls:StreamingFCLayer_Batch_4:1.0 StreamingFCLayer_Batch_4
# create_bd_cell -type ip -vlnv xilinx.com:hls:LabelSelect_Batch_0:1.0 LabelSelect_Batch_0
# make_bd_pins_external [get_bd_pins StreamingFIFO_0/ap_clk]
# set_property name ap_clk [get_bd_ports ap_clk_0]
# make_bd_pins_external [get_bd_pins StreamingFIFO_0/ap_rst_n]
# set_property name ap_rst_n [get_bd_ports ap_rst_n_0]
# make_bd_intf_pins_external [get_bd_intf_pins StreamingFIFO_0/in0_V_V]
# set_property name s_axis_0 [get_bd_intf_ports in0_V_V_0]
# connect_bd_net [get_bd_ports ap_rst_n] [get_bd_pins ConvolutionInputGenerator1D_0/ap_rst_n]
# connect_bd_net [get_bd_ports ap_clk] [get_bd_pins ConvolutionInputGenerator1D_0/ap_clk]
# connect_bd_intf_net [get_bd_intf_pins StreamingFIFO_0/out_V_V] [get_bd_intf_pins ConvolutionInputGenerator1D_0/in0_V_V]
# connect_bd_net [get_bd_ports ap_rst_n] [get_bd_pins StreamingFIFO_1/ap_rst_n]
# connect_bd_net [get_bd_ports ap_clk] [get_bd_pins StreamingFIFO_1/ap_clk]
# connect_bd_intf_net [get_bd_intf_pins ConvolutionInputGenerator1D_0/out_V_V] [get_bd_intf_pins StreamingFIFO_1/in0_V_V]
# connect_bd_net [get_bd_ports ap_rst_n] [get_bd_pins StreamingFCLayer_Batch_0/ap_rst_n]
# connect_bd_net [get_bd_ports ap_clk] [get_bd_pins StreamingFCLayer_Batch_0/ap_clk]
# connect_bd_intf_net [get_bd_intf_pins StreamingFIFO_1/out_V_V] [get_bd_intf_pins StreamingFCLayer_Batch_0/in0_V_V]
# connect_bd_net [get_bd_ports ap_rst_n] [get_bd_pins StreamingDataWidthConverter_Batch_0/ap_rst_n]
# connect_bd_net [get_bd_ports ap_clk] [get_bd_pins StreamingDataWidthConverter_Batch_0/ap_clk]
# connect_bd_intf_net [get_bd_intf_pins StreamingFCLayer_Batch_0/out_V_V] [get_bd_intf_pins StreamingDataWidthConverter_Batch_0/in0_V_V]
# connect_bd_net [get_bd_ports ap_rst_n] [get_bd_pins StreamingMaxPool_Batch_0/ap_rst_n]
# connect_bd_net [get_bd_ports ap_clk] [get_bd_pins StreamingMaxPool_Batch_0/ap_clk]
# connect_bd_intf_net [get_bd_intf_pins StreamingDataWidthConverter_Batch_0/out_V_V] [get_bd_intf_pins StreamingMaxPool_Batch_0/in0_V_V]
# connect_bd_net [get_bd_ports ap_rst_n] [get_bd_pins ConvolutionInputGenerator1D_1/ap_rst_n]
# connect_bd_net [get_bd_ports ap_clk] [get_bd_pins ConvolutionInputGenerator1D_1/ap_clk]
# connect_bd_intf_net [get_bd_intf_pins StreamingMaxPool_Batch_0/out_V_V] [get_bd_intf_pins ConvolutionInputGenerator1D_1/in0_V_V]
# connect_bd_net [get_bd_ports ap_rst_n] [get_bd_pins StreamingFIFO_5/ap_rst_n]
# connect_bd_net [get_bd_ports ap_clk] [get_bd_pins StreamingFIFO_5/ap_clk]
# connect_bd_intf_net [get_bd_intf_pins ConvolutionInputGenerator1D_1/out_V_V] [get_bd_intf_pins StreamingFIFO_5/in0_V_V]
# connect_bd_net [get_bd_ports ap_rst_n] [get_bd_pins StreamingFCLayer_Batch_1/ap_rst_n]
# connect_bd_net [get_bd_ports ap_clk] [get_bd_pins StreamingFCLayer_Batch_1/ap_clk]
# connect_bd_intf_net [get_bd_intf_pins StreamingFIFO_5/out_V_V] [get_bd_intf_pins StreamingFCLayer_Batch_1/in0_V_V]
# connect_bd_net [get_bd_ports ap_rst_n] [get_bd_pins StreamingDataWidthConverter_Batch_1/ap_rst_n]
# connect_bd_net [get_bd_ports ap_clk] [get_bd_pins StreamingDataWidthConverter_Batch_1/ap_clk]
# connect_bd_intf_net [get_bd_intf_pins StreamingFCLayer_Batch_1/out_V_V] [get_bd_intf_pins StreamingDataWidthConverter_Batch_1/in0_V_V]
# connect_bd_net [get_bd_ports ap_rst_n] [get_bd_pins StreamingMaxPool_Batch_1/ap_rst_n]
# connect_bd_net [get_bd_ports ap_clk] [get_bd_pins StreamingMaxPool_Batch_1/ap_clk]
# connect_bd_intf_net [get_bd_intf_pins StreamingDataWidthConverter_Batch_1/out_V_V] [get_bd_intf_pins StreamingMaxPool_Batch_1/in0_V_V]
# connect_bd_net [get_bd_ports ap_rst_n] [get_bd_pins ConvolutionInputGenerator1D_2/ap_rst_n]
# connect_bd_net [get_bd_ports ap_clk] [get_bd_pins ConvolutionInputGenerator1D_2/ap_clk]
# connect_bd_intf_net [get_bd_intf_pins StreamingMaxPool_Batch_1/out_V_V] [get_bd_intf_pins ConvolutionInputGenerator1D_2/in0_V_V]
# connect_bd_net [get_bd_ports ap_rst_n] [get_bd_pins StreamingFIFO_9/ap_rst_n]
# connect_bd_net [get_bd_ports ap_clk] [get_bd_pins StreamingFIFO_9/ap_clk]
# connect_bd_intf_net [get_bd_intf_pins ConvolutionInputGenerator1D_2/out_V_V] [get_bd_intf_pins StreamingFIFO_9/in0_V_V]
# connect_bd_net [get_bd_ports ap_rst_n] [get_bd_pins StreamingFCLayer_Batch_2/ap_rst_n]
# connect_bd_net [get_bd_ports ap_clk] [get_bd_pins StreamingFCLayer_Batch_2/ap_clk]
# connect_bd_intf_net [get_bd_intf_pins StreamingFIFO_9/out_V_V] [get_bd_intf_pins StreamingFCLayer_Batch_2/in0_V_V]
# connect_bd_net [get_bd_ports ap_rst_n] [get_bd_pins StreamingDataWidthConverter_Batch_2/ap_rst_n]
# connect_bd_net [get_bd_ports ap_clk] [get_bd_pins StreamingDataWidthConverter_Batch_2/ap_clk]
# connect_bd_intf_net [get_bd_intf_pins StreamingFCLayer_Batch_2/out_V_V] [get_bd_intf_pins StreamingDataWidthConverter_Batch_2/in0_V_V]
# connect_bd_net [get_bd_ports ap_rst_n] [get_bd_pins StreamingMaxPool_Batch_2/ap_rst_n]
# connect_bd_net [get_bd_ports ap_clk] [get_bd_pins StreamingMaxPool_Batch_2/ap_clk]
# connect_bd_intf_net [get_bd_intf_pins StreamingDataWidthConverter_Batch_2/out_V_V] [get_bd_intf_pins StreamingMaxPool_Batch_2/in0_V_V]
# connect_bd_net [get_bd_ports ap_rst_n] [get_bd_pins StreamingFCLayer_Batch_3/ap_rst_n]
# connect_bd_net [get_bd_ports ap_clk] [get_bd_pins StreamingFCLayer_Batch_3/ap_clk]
# connect_bd_intf_net [get_bd_intf_pins StreamingMaxPool_Batch_2/out_V_V] [get_bd_intf_pins StreamingFCLayer_Batch_3/in0_V_V]
# connect_bd_net [get_bd_ports ap_rst_n] [get_bd_pins StreamingFCLayer_Batch_4/ap_rst_n]
# connect_bd_net [get_bd_ports ap_clk] [get_bd_pins StreamingFCLayer_Batch_4/ap_clk]
# connect_bd_intf_net [get_bd_intf_pins StreamingFCLayer_Batch_3/out_V_V] [get_bd_intf_pins StreamingFCLayer_Batch_4/in0_V_V]
# connect_bd_net [get_bd_ports ap_rst_n] [get_bd_pins LabelSelect_Batch_0/ap_rst_n]
# connect_bd_net [get_bd_ports ap_clk] [get_bd_pins LabelSelect_Batch_0/ap_clk]
# connect_bd_intf_net [get_bd_intf_pins StreamingFCLayer_Batch_4/out_V_V] [get_bd_intf_pins LabelSelect_Batch_0/in0_V_V]
# make_bd_intf_pins_external [get_bd_intf_pins LabelSelect_Batch_0/out_V_V]
# set_property name m_axis_0 [get_bd_intf_ports out_V_V_0]
# set_property CONFIG.FREQ_HZ 50000000.000000 [get_bd_ports /ap_clk]
# regenerate_bd_layout
# validate_bd_design
# save_bd_design
Wrote  : </tmp/finn_dev_wenlong/vivado_stitch_proj_cdkqng13/finn_vivado_stitch_proj.srcs/sources_1/bd/finn_design/finn_design.bd> 
# make_wrapper -files [get_files /tmp/finn_dev_wenlong/vivado_stitch_proj_cdkqng13/finn_vivado_stitch_proj.srcs/sources_1/bd/finn_design/finn_design.bd] -top
INFO: [BD 41-1662] The design 'finn_design.bd' is already validated. Therefore parameter propagation will not be re-run.
VHDL Output written to : /tmp/finn_dev_wenlong/vivado_stitch_proj_cdkqng13/finn_vivado_stitch_proj.srcs/sources_1/bd/finn_design/synth/finn_design.v
VHDL Output written to : /tmp/finn_dev_wenlong/vivado_stitch_proj_cdkqng13/finn_vivado_stitch_proj.srcs/sources_1/bd/finn_design/sim/finn_design.v
VHDL Output written to : /tmp/finn_dev_wenlong/vivado_stitch_proj_cdkqng13/finn_vivado_stitch_proj.srcs/sources_1/bd/finn_design/hdl/finn_design_wrapper.v
# add_files -norecurse /tmp/finn_dev_wenlong/vivado_stitch_proj_cdkqng13/finn_vivado_stitch_proj.srcs/sources_1/bd/finn_design/hdl/finn_design_wrapper.v
# ipx::package_project -root_dir /tmp/finn_dev_wenlong/vivado_stitch_proj_cdkqng13/ip -vendor xilinx_finn -library finn -taxonomy /UserIP -module finn_design -import_files
INFO: [BD 41-1662] The design 'finn_design.bd' is already validated. Therefore parameter propagation will not be re-run.
VHDL Output written to : /tmp/finn_dev_wenlong/vivado_stitch_proj_cdkqng13/finn_vivado_stitch_proj.srcs/sources_1/bd/finn_design/synth/finn_design.v
VHDL Output written to : /tmp/finn_dev_wenlong/vivado_stitch_proj_cdkqng13/finn_vivado_stitch_proj.srcs/sources_1/bd/finn_design/sim/finn_design.v
VHDL Output written to : /tmp/finn_dev_wenlong/vivado_stitch_proj_cdkqng13/finn_vivado_stitch_proj.srcs/sources_1/bd/finn_design/hdl/finn_design_wrapper.v
INFO: [BD 41-1029] Generation completed for the IP Integrator block StreamingFIFO_0 .
INFO: [BD 41-1029] Generation completed for the IP Integrator block ConvolutionInputGenerator1D_0 .
INFO: [BD 41-1029] Generation completed for the IP Integrator block StreamingFIFO_1/fifo .
INFO: [BD 41-1029] Generation completed for the IP Integrator block StreamingFCLayer_Batch_0 .
INFO: [BD 41-1029] Generation completed for the IP Integrator block StreamingDataWidthConverter_Batch_0 .
INFO: [BD 41-1029] Generation completed for the IP Integrator block StreamingMaxPool_Batch_0 .
INFO: [BD 41-1029] Generation completed for the IP Integrator block ConvolutionInputGenerator1D_1 .
INFO: [BD 41-1029] Generation completed for the IP Integrator block StreamingFIFO_5/fifo .
INFO: [BD 41-1029] Generation completed for the IP Integrator block StreamingFCLayer_Batch_1 .
INFO: [BD 41-1029] Generation completed for the IP Integrator block StreamingDataWidthConverter_Batch_1 .
INFO: [BD 41-1029] Generation completed for the IP Integrator block StreamingMaxPool_Batch_1 .
INFO: [BD 41-1029] Generation completed for the IP Integrator block ConvolutionInputGenerator1D_2 .
INFO: [BD 41-1029] Generation completed for the IP Integrator block StreamingFIFO_9 .
INFO: [BD 41-1029] Generation completed for the IP Integrator block StreamingFCLayer_Batch_2 .
INFO: [BD 41-1029] Generation completed for the IP Integrator block StreamingDataWidthConverter_Batch_2 .
INFO: [BD 41-1029] Generation completed for the IP Integrator block StreamingMaxPool_Batch_2 .
INFO: [BD 41-1029] Generation completed for the IP Integrator block StreamingFCLayer_Batch_3 .
INFO: [BD 41-1029] Generation completed for the IP Integrator block StreamingFCLayer_Batch_4 .
INFO: [BD 41-1029] Generation completed for the IP Integrator block LabelSelect_Batch_0 .
Exporting to file /tmp/finn_dev_wenlong/vivado_stitch_proj_cdkqng13/finn_vivado_stitch_proj.srcs/sources_1/bd/finn_design/hw_handoff/finn_design.hwh
Generated Block Design Tcl file /tmp/finn_dev_wenlong/vivado_stitch_proj_cdkqng13/finn_vivado_stitch_proj.srcs/sources_1/bd/finn_design/hw_handoff/finn_design_bd.tcl
Generated Hardware Definition File /tmp/finn_dev_wenlong/vivado_stitch_proj_cdkqng13/finn_vivado_stitch_proj.srcs/sources_1/bd/finn_design/synth/finn_design.hwdef
CRITICAL WARNING: [IP_Flow 19-5234] Found an invalid attribute: 'Misformed interface info attr: xilinx.com:interface:axis:1.0 m_axis_0'
CRITICAL WARNING: [IP_Flow 19-5234] Found an invalid attribute: 'Misformed interface info attr: xilinx.com:interface:axis:1.0 m_axis_0'
CRITICAL WARNING: [IP_Flow 19-5234] Found an invalid attribute: 'Misformed interface info attr: xilinx.com:interface:axis:1.0 m_axis_0'
CRITICAL WARNING: [IP_Flow 19-5234] Found an invalid attribute: 'Misformed interface info attr: xilinx.com:interface:axis:1.0 s_axis_0'
CRITICAL WARNING: [IP_Flow 19-5234] Found an invalid attribute: 'Misformed interface info attr: xilinx.com:interface:axis:1.0 s_axis_0'
CRITICAL WARNING: [IP_Flow 19-5234] Found an invalid attribute: 'Misformed interface info attr: xilinx.com:interface:axis:1.0 s_axis_0'
WARNING: [IP_Flow 19-3157] Bus Interface 'RST.AP_RST_N': Bus parameter POLARITY is ACTIVE_LOW but port 'ap_rst_n' is not *resetn - please double check the POLARITY setting.
INFO: [IP_Flow 19-2181] Payment Required is not set for this core.
INFO: [IP_Flow 19-2187] The Product Guide file is missing.
# set_property core_revision 2 [ipx::find_open_core xilinx_finn:finn:finn_design:1.0]
# ipx::create_xgui_files [ipx::find_open_core xilinx_finn:finn:finn_design:1.0]
# ipx::update_checksums [ipx::find_open_core xilinx_finn:finn:finn_design:1.0]
# ipx::save_core [ipx::find_open_core xilinx_finn:finn:finn_design:1.0]
# set all_v_files [get_files -filter {FILE_TYPE == Verilog && USED_IN_SYNTHESIS == 1} ]
# set fp [open /tmp/finn_dev_wenlong/vivado_stitch_proj_cdkqng13/all_verilog_srcs.txt w]
# foreach vf $all_v_files {puts $fp $vf}
# close $fp
INFO: [Common 17-206] Exiting Vivado at Fri Nov 12 17:40:39 2021...
