#-----------------------------------------------------------
# Vivado v2020.1 (64-bit)
# SW Build 2902540 on Wed May 27 19:54:35 MDT 2020
# IP Build 2902112 on Wed May 27 22:43:36 MDT 2020
# Start of session at: Tue Nov  9 18:15:59 2021
# Process ID: 6504
# Current directory: /tmp/finn_dev_wenlong/vivado_stitch_proj_x893tc2t
# Command line: vivado -mode batch -source make_project.tcl
# Log file: /tmp/finn_dev_wenlong/vivado_stitch_proj_x893tc2t/vivado.log
# Journal file: /tmp/finn_dev_wenlong/vivado_stitch_proj_x893tc2t/vivado.jou
#-----------------------------------------------------------
source make_project.tcl
# create_project finn_vivado_stitch_proj /tmp/finn_dev_wenlong/vivado_stitch_proj_x893tc2t -part xc7a50tfgg484-1
# set_property ip_repo_paths [list /workspace/finn/finn-rtllib/memstream /tmp/finn_dev_wenlong/code_gen_ipgen_FMPadding_Batch_0_79n2gq_k/project_FMPadding_Batch_0/sol1/impl/ip /tmp/finn_dev_wenlong/code_gen_ipgen_StreamingFIFO_1_hx7hosk9/project_StreamingFIFO_1/sol1/impl/verilog /tmp/finn_dev_wenlong/code_gen_ipgen_ConvolutionInputGenerator_0_7blpk0pm/project_ConvolutionInputGenerator_0/sol1/impl/ip /tmp/finn_dev_wenlong/code_gen_ipgen_StreamingFIFO_2_nzejox6c/project_StreamingFIFO_2/sol1/impl/verilog /tmp/finn_dev_wenlong/code_gen_ipgen_StreamingFCLayer_Batch_0_mqoxt6bn/project_StreamingFCLayer_Batch_0/sol1/impl/ip /tmp/finn_dev_wenlong/code_gen_ipgen_StreamingDataWidthConverter_Batch_0_7yjmmirf/project_StreamingDataWidthConverter_Batch_0/sol1/impl/ip /tmp/finn_dev_wenlong/code_gen_ipgen_StreamingMaxPool_Batch_0_lg8wm3qt/project_StreamingMaxPool_Batch_0/sol1/impl/ip /tmp/finn_dev_wenlong/code_gen_ipgen_StreamingFIFO_5_rbg1zsb8/project_StreamingFIFO_5/sol1/impl/verilog /tmp/finn_dev_wenlong/code_gen_ipgen_ConvolutionInputGenerator_1_pynwx1i_/project_ConvolutionInputGenerator_1/sol1/impl/ip /tmp/finn_dev_wenlong/code_gen_ipgen_StreamingFIFO_6_77m583gt/project_StreamingFIFO_6/sol1/impl/verilog /tmp/finn_dev_wenlong/code_gen_ipgen_StreamingFCLayer_Batch_1_agap53i5/project_StreamingFCLayer_Batch_1/sol1/impl/ip /tmp/finn_dev_wenlong/code_gen_ipgen_StreamingDataWidthConverter_Batch_1_ta5jcti6/project_StreamingDataWidthConverter_Batch_1/sol1/impl/ip /tmp/finn_dev_wenlong/code_gen_ipgen_StreamingMaxPool_Batch_1_7lmp9f0_/project_StreamingMaxPool_Batch_1/sol1/impl/ip /tmp/finn_dev_wenlong/code_gen_ipgen_ConvolutionInputGenerator_2_2_kx5okr/project_ConvolutionInputGenerator_2/sol1/impl/ip /tmp/finn_dev_wenlong/code_gen_ipgen_StreamingFIFO_10_tfd4v_l5/project_StreamingFIFO_10/sol1/impl/verilog /tmp/finn_dev_wenlong/code_gen_ipgen_StreamingFCLayer_Batch_2_bbtljx4k/project_StreamingFCLayer_Batch_2/sol1/impl/ip /tmp/finn_dev_wenlong/code_gen_ipgen_StreamingDataWidthConverter_Batch_2_p1wq43ve/project_StreamingDataWidthConverter_Batch_2/sol1/impl/ip /tmp/finn_dev_wenlong/code_gen_ipgen_StreamingMaxPool_Batch_2_ckhtbt1n/project_StreamingMaxPool_Batch_2/sol1/impl/ip /tmp/finn_dev_wenlong/code_gen_ipgen_StreamingFCLayer_Batch_3_f99lxa0r/project_StreamingFCLayer_Batch_3/sol1/impl/ip /tmp/finn_dev_wenlong/code_gen_ipgen_StreamingFCLayer_Batch_4_s57rf0xi/project_StreamingFCLayer_Batch_4/sol1/impl/ip /tmp/finn_dev_wenlong/code_gen_ipgen_LabelSelect_Batch_0_cuwcd7xu/project_LabelSelect_Batch_0/sol1/impl/ip] [current_project]
# update_ip_catalog
INFO: [IP_Flow 19-234] Refreshing IP repositories
INFO: [IP_Flow 19-1700] Loaded user IP repository '/workspace/finn/finn-rtllib/memstream'.
INFO: [IP_Flow 19-1700] Loaded user IP repository '/tmp/finn_dev_wenlong/code_gen_ipgen_FMPadding_Batch_0_79n2gq_k/project_FMPadding_Batch_0/sol1/impl/ip'.
INFO: [IP_Flow 19-1700] Loaded user IP repository '/tmp/finn_dev_wenlong/code_gen_ipgen_StreamingFIFO_1_hx7hosk9/project_StreamingFIFO_1/sol1/impl/verilog'.
INFO: [IP_Flow 19-1700] Loaded user IP repository '/tmp/finn_dev_wenlong/code_gen_ipgen_ConvolutionInputGenerator_0_7blpk0pm/project_ConvolutionInputGenerator_0/sol1/impl/ip'.
INFO: [IP_Flow 19-1700] Loaded user IP repository '/tmp/finn_dev_wenlong/code_gen_ipgen_StreamingFIFO_2_nzejox6c/project_StreamingFIFO_2/sol1/impl/verilog'.
INFO: [IP_Flow 19-1700] Loaded user IP repository '/tmp/finn_dev_wenlong/code_gen_ipgen_StreamingFCLayer_Batch_0_mqoxt6bn/project_StreamingFCLayer_Batch_0/sol1/impl/ip'.
INFO: [IP_Flow 19-1700] Loaded user IP repository '/tmp/finn_dev_wenlong/code_gen_ipgen_StreamingDataWidthConverter_Batch_0_7yjmmirf/project_StreamingDataWidthConverter_Batch_0/sol1/impl/ip'.
INFO: [IP_Flow 19-1700] Loaded user IP repository '/tmp/finn_dev_wenlong/code_gen_ipgen_StreamingMaxPool_Batch_0_lg8wm3qt/project_StreamingMaxPool_Batch_0/sol1/impl/ip'.
INFO: [IP_Flow 19-1700] Loaded user IP repository '/tmp/finn_dev_wenlong/code_gen_ipgen_StreamingFIFO_5_rbg1zsb8/project_StreamingFIFO_5/sol1/impl/verilog'.
INFO: [IP_Flow 19-1700] Loaded user IP repository '/tmp/finn_dev_wenlong/code_gen_ipgen_ConvolutionInputGenerator_1_pynwx1i_/project_ConvolutionInputGenerator_1/sol1/impl/ip'.
INFO: [IP_Flow 19-1700] Loaded user IP repository '/tmp/finn_dev_wenlong/code_gen_ipgen_StreamingFIFO_6_77m583gt/project_StreamingFIFO_6/sol1/impl/verilog'.
INFO: [IP_Flow 19-1700] Loaded user IP repository '/tmp/finn_dev_wenlong/code_gen_ipgen_StreamingFCLayer_Batch_1_agap53i5/project_StreamingFCLayer_Batch_1/sol1/impl/ip'.
INFO: [IP_Flow 19-1700] Loaded user IP repository '/tmp/finn_dev_wenlong/code_gen_ipgen_StreamingDataWidthConverter_Batch_1_ta5jcti6/project_StreamingDataWidthConverter_Batch_1/sol1/impl/ip'.
INFO: [IP_Flow 19-1700] Loaded user IP repository '/tmp/finn_dev_wenlong/code_gen_ipgen_StreamingMaxPool_Batch_1_7lmp9f0_/project_StreamingMaxPool_Batch_1/sol1/impl/ip'.
INFO: [IP_Flow 19-1700] Loaded user IP repository '/tmp/finn_dev_wenlong/code_gen_ipgen_ConvolutionInputGenerator_2_2_kx5okr/project_ConvolutionInputGenerator_2/sol1/impl/ip'.
INFO: [IP_Flow 19-1700] Loaded user IP repository '/tmp/finn_dev_wenlong/code_gen_ipgen_StreamingFIFO_10_tfd4v_l5/project_StreamingFIFO_10/sol1/impl/verilog'.
INFO: [IP_Flow 19-1700] Loaded user IP repository '/tmp/finn_dev_wenlong/code_gen_ipgen_StreamingFCLayer_Batch_2_bbtljx4k/project_StreamingFCLayer_Batch_2/sol1/impl/ip'.
INFO: [IP_Flow 19-1700] Loaded user IP repository '/tmp/finn_dev_wenlong/code_gen_ipgen_StreamingDataWidthConverter_Batch_2_p1wq43ve/project_StreamingDataWidthConverter_Batch_2/sol1/impl/ip'.
INFO: [IP_Flow 19-1700] Loaded user IP repository '/tmp/finn_dev_wenlong/code_gen_ipgen_StreamingMaxPool_Batch_2_ckhtbt1n/project_StreamingMaxPool_Batch_2/sol1/impl/ip'.
INFO: [IP_Flow 19-1700] Loaded user IP repository '/tmp/finn_dev_wenlong/code_gen_ipgen_StreamingFCLayer_Batch_3_f99lxa0r/project_StreamingFCLayer_Batch_3/sol1/impl/ip'.
INFO: [IP_Flow 19-1700] Loaded user IP repository '/tmp/finn_dev_wenlong/code_gen_ipgen_StreamingFCLayer_Batch_4_s57rf0xi/project_StreamingFCLayer_Batch_4/sol1/impl/ip'.
INFO: [IP_Flow 19-1700] Loaded user IP repository '/tmp/finn_dev_wenlong/code_gen_ipgen_LabelSelect_Batch_0_cuwcd7xu/project_LabelSelect_Batch_0/sol1/impl/ip'.
INFO: [IP_Flow 19-2313] Loaded Vivado IP repository '/tools/Xilinx/Vivado/2020.1/data/ip'.
# create_bd_design "finn_design"
Wrote  : </tmp/finn_dev_wenlong/vivado_stitch_proj_x893tc2t/finn_vivado_stitch_proj.srcs/sources_1/bd/finn_design/finn_design.bd> 
# create_bd_cell -type ip -vlnv xilinx.com:hls:FMPadding_Batch_0:1.0 FMPadding_Batch_0
# create_bd_cell -type ip -vlnv xilinx.com:hls:StreamingFIFO_1:1.0 StreamingFIFO_1
# create_bd_cell -type ip -vlnv xilinx.com:hls:ConvolutionInputGenerator_0:1.0 ConvolutionInputGenerator_0
WARNING: [BD 41-1753] The name 'ConvolutionInputGenerator_0' you have specified is long. The Windows OS has path length limitations. It is recommended you use shorter names(less than 25 characters) to reduce the likelihood of issues when/if running on windows OS.
# create_bd_cell -type ip -vlnv xilinx.com:hls:StreamingFIFO_2:1.0 StreamingFIFO_2
# create_bd_cell -type ip -vlnv xilinx.com:hls:StreamingFCLayer_Batch_0:1.0 StreamingFCLayer_Batch_0
# create_bd_cell -type ip -vlnv xilinx.com:hls:StreamingDataWidthConverter_Batch_0:1.0 StreamingDataWidthConverter_Batch_0
WARNING: [BD 41-1753] The name 'StreamingDataWidthConverter_Batch_0' you have specified is long. The Windows OS has path length limitations. It is recommended you use shorter names(less than 25 characters) to reduce the likelihood of issues when/if running on windows OS.
# create_bd_cell -type ip -vlnv xilinx.com:hls:StreamingMaxPool_Batch_0:1.0 StreamingMaxPool_Batch_0
# create_bd_cell -type ip -vlnv xilinx.com:hls:StreamingFIFO_5:1.0 StreamingFIFO_5
# create_bd_cell -type ip -vlnv xilinx.com:hls:ConvolutionInputGenerator_1:1.0 ConvolutionInputGenerator_1
WARNING: [BD 41-1753] The name 'ConvolutionInputGenerator_1' you have specified is long. The Windows OS has path length limitations. It is recommended you use shorter names(less than 25 characters) to reduce the likelihood of issues when/if running on windows OS.
# create_bd_cell -type ip -vlnv xilinx.com:hls:StreamingFIFO_6:1.0 StreamingFIFO_6
# create_bd_cell -type ip -vlnv xilinx.com:hls:StreamingFCLayer_Batch_1:1.0 StreamingFCLayer_Batch_1
# create_bd_cell -type ip -vlnv xilinx.com:hls:StreamingDataWidthConverter_Batch_1:1.0 StreamingDataWidthConverter_Batch_1
WARNING: [BD 41-1753] The name 'StreamingDataWidthConverter_Batch_1' you have specified is long. The Windows OS has path length limitations. It is recommended you use shorter names(less than 25 characters) to reduce the likelihood of issues when/if running on windows OS.
# create_bd_cell -type ip -vlnv xilinx.com:hls:StreamingMaxPool_Batch_1:1.0 StreamingMaxPool_Batch_1
# create_bd_cell -type ip -vlnv xilinx.com:hls:ConvolutionInputGenerator_2:1.0 ConvolutionInputGenerator_2
WARNING: [BD 41-1753] The name 'ConvolutionInputGenerator_2' you have specified is long. The Windows OS has path length limitations. It is recommended you use shorter names(less than 25 characters) to reduce the likelihood of issues when/if running on windows OS.
# create_bd_cell -type ip -vlnv xilinx.com:hls:StreamingFIFO_10:1.0 StreamingFIFO_10
# create_bd_cell -type ip -vlnv xilinx.com:hls:StreamingFCLayer_Batch_2:1.0 StreamingFCLayer_Batch_2
# create_bd_cell -type ip -vlnv xilinx.com:hls:StreamingDataWidthConverter_Batch_2:1.0 StreamingDataWidthConverter_Batch_2
WARNING: [BD 41-1753] The name 'StreamingDataWidthConverter_Batch_2' you have specified is long. The Windows OS has path length limitations. It is recommended you use shorter names(less than 25 characters) to reduce the likelihood of issues when/if running on windows OS.
# create_bd_cell -type ip -vlnv xilinx.com:hls:StreamingMaxPool_Batch_2:1.0 StreamingMaxPool_Batch_2
# create_bd_cell -type ip -vlnv xilinx.com:hls:StreamingFCLayer_Batch_3:1.0 StreamingFCLayer_Batch_3
# create_bd_cell -type ip -vlnv xilinx.com:hls:StreamingFCLayer_Batch_4:1.0 StreamingFCLayer_Batch_4
# create_bd_cell -type ip -vlnv xilinx.com:hls:LabelSelect_Batch_0:1.0 LabelSelect_Batch_0
# make_bd_pins_external [get_bd_pins FMPadding_Batch_0/ap_clk]
# set_property name ap_clk [get_bd_ports ap_clk_0]
# make_bd_pins_external [get_bd_pins FMPadding_Batch_0/ap_rst_n]
# set_property name ap_rst_n [get_bd_ports ap_rst_n_0]
# make_bd_intf_pins_external [get_bd_intf_pins FMPadding_Batch_0/in0_V_V]
# set_property name s_axis_0 [get_bd_intf_ports in0_V_V_0]
# connect_bd_net [get_bd_ports ap_rst_n] [get_bd_pins StreamingFIFO_1/ap_rst_n]
# connect_bd_net [get_bd_ports ap_clk] [get_bd_pins StreamingFIFO_1/ap_clk]
# connect_bd_intf_net [get_bd_intf_pins FMPadding_Batch_0/out_V_V] [get_bd_intf_pins StreamingFIFO_1/in0_V_V]
# connect_bd_net [get_bd_ports ap_rst_n] [get_bd_pins ConvolutionInputGenerator_0/ap_rst_n]
# connect_bd_net [get_bd_ports ap_clk] [get_bd_pins ConvolutionInputGenerator_0/ap_clk]
# connect_bd_intf_net [get_bd_intf_pins StreamingFIFO_1/out_V_V] [get_bd_intf_pins ConvolutionInputGenerator_0/in0_V_V]
# connect_bd_net [get_bd_ports ap_rst_n] [get_bd_pins StreamingFIFO_2/ap_rst_n]
# connect_bd_net [get_bd_ports ap_clk] [get_bd_pins StreamingFIFO_2/ap_clk]
# connect_bd_intf_net [get_bd_intf_pins ConvolutionInputGenerator_0/out_V_V] [get_bd_intf_pins StreamingFIFO_2/in0_V_V]
# connect_bd_net [get_bd_ports ap_rst_n] [get_bd_pins StreamingFCLayer_Batch_0/ap_rst_n]
# connect_bd_net [get_bd_ports ap_clk] [get_bd_pins StreamingFCLayer_Batch_0/ap_clk]
# connect_bd_intf_net [get_bd_intf_pins StreamingFIFO_2/out_V_V] [get_bd_intf_pins StreamingFCLayer_Batch_0/in0_V_V]
# connect_bd_net [get_bd_ports ap_rst_n] [get_bd_pins StreamingDataWidthConverter_Batch_0/ap_rst_n]
# connect_bd_net [get_bd_ports ap_clk] [get_bd_pins StreamingDataWidthConverter_Batch_0/ap_clk]
# connect_bd_intf_net [get_bd_intf_pins StreamingFCLayer_Batch_0/out_V_V] [get_bd_intf_pins StreamingDataWidthConverter_Batch_0/in0_V_V]
# connect_bd_net [get_bd_ports ap_rst_n] [get_bd_pins StreamingMaxPool_Batch_0/ap_rst_n]
# connect_bd_net [get_bd_ports ap_clk] [get_bd_pins StreamingMaxPool_Batch_0/ap_clk]
# connect_bd_intf_net [get_bd_intf_pins StreamingDataWidthConverter_Batch_0/out_V_V] [get_bd_intf_pins StreamingMaxPool_Batch_0/in0_V_V]
# connect_bd_net [get_bd_ports ap_rst_n] [get_bd_pins StreamingFIFO_5/ap_rst_n]
# connect_bd_net [get_bd_ports ap_clk] [get_bd_pins StreamingFIFO_5/ap_clk]
# connect_bd_intf_net [get_bd_intf_pins StreamingMaxPool_Batch_0/out_V_V] [get_bd_intf_pins StreamingFIFO_5/in0_V_V]
# connect_bd_net [get_bd_ports ap_rst_n] [get_bd_pins ConvolutionInputGenerator_1/ap_rst_n]
# connect_bd_net [get_bd_ports ap_clk] [get_bd_pins ConvolutionInputGenerator_1/ap_clk]
# connect_bd_intf_net [get_bd_intf_pins StreamingFIFO_5/out_V_V] [get_bd_intf_pins ConvolutionInputGenerator_1/in0_V_V]
# connect_bd_net [get_bd_ports ap_rst_n] [get_bd_pins StreamingFIFO_6/ap_rst_n]
# connect_bd_net [get_bd_ports ap_clk] [get_bd_pins StreamingFIFO_6/ap_clk]
# connect_bd_intf_net [get_bd_intf_pins ConvolutionInputGenerator_1/out_V_V] [get_bd_intf_pins StreamingFIFO_6/in0_V_V]
# connect_bd_net [get_bd_ports ap_rst_n] [get_bd_pins StreamingFCLayer_Batch_1/ap_rst_n]
# connect_bd_net [get_bd_ports ap_clk] [get_bd_pins StreamingFCLayer_Batch_1/ap_clk]
# connect_bd_intf_net [get_bd_intf_pins StreamingFIFO_6/out_V_V] [get_bd_intf_pins StreamingFCLayer_Batch_1/in0_V_V]
# connect_bd_net [get_bd_ports ap_rst_n] [get_bd_pins StreamingDataWidthConverter_Batch_1/ap_rst_n]
# connect_bd_net [get_bd_ports ap_clk] [get_bd_pins StreamingDataWidthConverter_Batch_1/ap_clk]
# connect_bd_intf_net [get_bd_intf_pins StreamingFCLayer_Batch_1/out_V_V] [get_bd_intf_pins StreamingDataWidthConverter_Batch_1/in0_V_V]
# connect_bd_net [get_bd_ports ap_rst_n] [get_bd_pins StreamingMaxPool_Batch_1/ap_rst_n]
# connect_bd_net [get_bd_ports ap_clk] [get_bd_pins StreamingMaxPool_Batch_1/ap_clk]
# connect_bd_intf_net [get_bd_intf_pins StreamingDataWidthConverter_Batch_1/out_V_V] [get_bd_intf_pins StreamingMaxPool_Batch_1/in0_V_V]
# connect_bd_net [get_bd_ports ap_rst_n] [get_bd_pins ConvolutionInputGenerator_2/ap_rst_n]
# connect_bd_net [get_bd_ports ap_clk] [get_bd_pins ConvolutionInputGenerator_2/ap_clk]
# connect_bd_intf_net [get_bd_intf_pins StreamingMaxPool_Batch_1/out_V_V] [get_bd_intf_pins ConvolutionInputGenerator_2/in0_V_V]
# connect_bd_net [get_bd_ports ap_rst_n] [get_bd_pins StreamingFIFO_10/ap_rst_n]
# connect_bd_net [get_bd_ports ap_clk] [get_bd_pins StreamingFIFO_10/ap_clk]
# connect_bd_intf_net [get_bd_intf_pins ConvolutionInputGenerator_2/out_V_V] [get_bd_intf_pins StreamingFIFO_10/in0_V_V]
# connect_bd_net [get_bd_ports ap_rst_n] [get_bd_pins StreamingFCLayer_Batch_2/ap_rst_n]
# connect_bd_net [get_bd_ports ap_clk] [get_bd_pins StreamingFCLayer_Batch_2/ap_clk]
# connect_bd_intf_net [get_bd_intf_pins StreamingFIFO_10/out_V_V] [get_bd_intf_pins StreamingFCLayer_Batch_2/in0_V_V]
# connect_bd_net [get_bd_ports ap_rst_n] [get_bd_pins StreamingDataWidthConverter_Batch_2/ap_rst_n]
# connect_bd_net [get_bd_ports ap_clk] [get_bd_pins StreamingDataWidthConverter_Batch_2/ap_clk]
# connect_bd_intf_net [get_bd_intf_pins StreamingFCLayer_Batch_2/out_V_V] [get_bd_intf_pins StreamingDataWidthConverter_Batch_2/in0_V_V]
# connect_bd_net [get_bd_ports ap_rst_n] [get_bd_pins StreamingMaxPool_Batch_2/ap_rst_n]
# connect_bd_net [get_bd_ports ap_clk] [get_bd_pins StreamingMaxPool_Batch_2/ap_clk]
# connect_bd_intf_net [get_bd_intf_pins StreamingDataWidthConverter_Batch_2/out_V_V] [get_bd_intf_pins StreamingMaxPool_Batch_2/in0_V_V]
# connect_bd_net [get_bd_ports ap_rst_n] [get_bd_pins StreamingFCLayer_Batch_3/ap_rst_n]
# connect_bd_net [get_bd_ports ap_clk] [get_bd_pins StreamingFCLayer_Batch_3/ap_clk]
# connect_bd_intf_net [get_bd_intf_pins StreamingMaxPool_Batch_2/out_V_V] [get_bd_intf_pins StreamingFCLayer_Batch_3/in0_V_V]
# connect_bd_net [get_bd_ports ap_rst_n] [get_bd_pins StreamingFCLayer_Batch_4/ap_rst_n]
# connect_bd_net [get_bd_ports ap_clk] [get_bd_pins StreamingFCLayer_Batch_4/ap_clk]
# connect_bd_intf_net [get_bd_intf_pins StreamingFCLayer_Batch_3/out_V_V] [get_bd_intf_pins StreamingFCLayer_Batch_4/in0_V_V]
# connect_bd_net [get_bd_ports ap_rst_n] [get_bd_pins LabelSelect_Batch_0/ap_rst_n]
# connect_bd_net [get_bd_ports ap_clk] [get_bd_pins LabelSelect_Batch_0/ap_clk]
# connect_bd_intf_net [get_bd_intf_pins StreamingFCLayer_Batch_4/out_V_V] [get_bd_intf_pins LabelSelect_Batch_0/in0_V_V]
# make_bd_intf_pins_external [get_bd_intf_pins LabelSelect_Batch_0/out_V_V]
# set_property name m_axis_0 [get_bd_intf_ports out_V_V_0]
# set_property CONFIG.FREQ_HZ 50000000.000000 [get_bd_ports /ap_clk]
# regenerate_bd_layout
# validate_bd_design
# save_bd_design
Wrote  : </tmp/finn_dev_wenlong/vivado_stitch_proj_x893tc2t/finn_vivado_stitch_proj.srcs/sources_1/bd/finn_design/finn_design.bd> 
# make_wrapper -files [get_files /tmp/finn_dev_wenlong/vivado_stitch_proj_x893tc2t/finn_vivado_stitch_proj.srcs/sources_1/bd/finn_design/finn_design.bd] -top
INFO: [BD 41-1662] The design 'finn_design.bd' is already validated. Therefore parameter propagation will not be re-run.
VHDL Output written to : /tmp/finn_dev_wenlong/vivado_stitch_proj_x893tc2t/finn_vivado_stitch_proj.srcs/sources_1/bd/finn_design/synth/finn_design.v
VHDL Output written to : /tmp/finn_dev_wenlong/vivado_stitch_proj_x893tc2t/finn_vivado_stitch_proj.srcs/sources_1/bd/finn_design/sim/finn_design.v
VHDL Output written to : /tmp/finn_dev_wenlong/vivado_stitch_proj_x893tc2t/finn_vivado_stitch_proj.srcs/sources_1/bd/finn_design/hdl/finn_design_wrapper.v
# add_files -norecurse /tmp/finn_dev_wenlong/vivado_stitch_proj_x893tc2t/finn_vivado_stitch_proj.srcs/sources_1/bd/finn_design/hdl/finn_design_wrapper.v
# ipx::package_project -root_dir /tmp/finn_dev_wenlong/vivado_stitch_proj_x893tc2t/ip -vendor xilinx_finn -library finn -taxonomy /UserIP -module finn_design -import_files
INFO: [BD 41-1662] The design 'finn_design.bd' is already validated. Therefore parameter propagation will not be re-run.
VHDL Output written to : /tmp/finn_dev_wenlong/vivado_stitch_proj_x893tc2t/finn_vivado_stitch_proj.srcs/sources_1/bd/finn_design/synth/finn_design.v
VHDL Output written to : /tmp/finn_dev_wenlong/vivado_stitch_proj_x893tc2t/finn_vivado_stitch_proj.srcs/sources_1/bd/finn_design/sim/finn_design.v
VHDL Output written to : /tmp/finn_dev_wenlong/vivado_stitch_proj_x893tc2t/finn_vivado_stitch_proj.srcs/sources_1/bd/finn_design/hdl/finn_design_wrapper.v
INFO: [BD 41-1029] Generation completed for the IP Integrator block FMPadding_Batch_0 .
INFO: [BD 41-1029] Generation completed for the IP Integrator block StreamingFIFO_1 .
INFO: [BD 41-1029] Generation completed for the IP Integrator block ConvolutionInputGenerator_0 .
INFO: [BD 41-1029] Generation completed for the IP Integrator block StreamingFIFO_2 .
INFO: [BD 41-1029] Generation completed for the IP Integrator block StreamingFCLayer_Batch_0 .
INFO: [BD 41-1029] Generation completed for the IP Integrator block StreamingDataWidthConverter_Batch_0 .
INFO: [BD 41-1029] Generation completed for the IP Integrator block StreamingMaxPool_Batch_0 .
INFO: [BD 41-1029] Generation completed for the IP Integrator block StreamingFIFO_5 .
INFO: [BD 41-1029] Generation completed for the IP Integrator block ConvolutionInputGenerator_1 .
INFO: [BD 41-1029] Generation completed for the IP Integrator block StreamingFIFO_6 .
INFO: [BD 41-1029] Generation completed for the IP Integrator block StreamingFCLayer_Batch_1 .
INFO: [BD 41-1029] Generation completed for the IP Integrator block StreamingDataWidthConverter_Batch_1 .
INFO: [BD 41-1029] Generation completed for the IP Integrator block StreamingMaxPool_Batch_1 .
INFO: [BD 41-1029] Generation completed for the IP Integrator block ConvolutionInputGenerator_2 .
INFO: [BD 41-1029] Generation completed for the IP Integrator block StreamingFIFO_10 .
INFO: [BD 41-1029] Generation completed for the IP Integrator block StreamingFCLayer_Batch_2 .
INFO: [BD 41-1029] Generation completed for the IP Integrator block StreamingDataWidthConverter_Batch_2 .
INFO: [BD 41-1029] Generation completed for the IP Integrator block StreamingMaxPool_Batch_2 .
INFO: [BD 41-1029] Generation completed for the IP Integrator block StreamingFCLayer_Batch_3 .
INFO: [BD 41-1029] Generation completed for the IP Integrator block StreamingFCLayer_Batch_4 .
INFO: [BD 41-1029] Generation completed for the IP Integrator block LabelSelect_Batch_0 .
Exporting to file /tmp/finn_dev_wenlong/vivado_stitch_proj_x893tc2t/finn_vivado_stitch_proj.srcs/sources_1/bd/finn_design/hw_handoff/finn_design.hwh
Generated Block Design Tcl file /tmp/finn_dev_wenlong/vivado_stitch_proj_x893tc2t/finn_vivado_stitch_proj.srcs/sources_1/bd/finn_design/hw_handoff/finn_design_bd.tcl
Generated Hardware Definition File /tmp/finn_dev_wenlong/vivado_stitch_proj_x893tc2t/finn_vivado_stitch_proj.srcs/sources_1/bd/finn_design/synth/finn_design.hwdef
CRITICAL WARNING: [IP_Flow 19-5234] Found an invalid attribute: 'Misformed interface info attr: xilinx.com:interface:axis:1.0 m_axis_0'
CRITICAL WARNING: [IP_Flow 19-5234] Found an invalid attribute: 'Misformed interface info attr: xilinx.com:interface:axis:1.0 m_axis_0'
CRITICAL WARNING: [IP_Flow 19-5234] Found an invalid attribute: 'Misformed interface info attr: xilinx.com:interface:axis:1.0 m_axis_0'
CRITICAL WARNING: [IP_Flow 19-5234] Found an invalid attribute: 'Misformed interface info attr: xilinx.com:interface:axis:1.0 s_axis_0'
CRITICAL WARNING: [IP_Flow 19-5234] Found an invalid attribute: 'Misformed interface info attr: xilinx.com:interface:axis:1.0 s_axis_0'
CRITICAL WARNING: [IP_Flow 19-5234] Found an invalid attribute: 'Misformed interface info attr: xilinx.com:interface:axis:1.0 s_axis_0'
WARNING: [IP_Flow 19-3157] Bus Interface 'RST.AP_RST_N': Bus parameter POLARITY is ACTIVE_LOW but port 'ap_rst_n' is not *resetn - please double check the POLARITY setting.
INFO: [IP_Flow 19-2181] Payment Required is not set for this core.
INFO: [IP_Flow 19-2187] The Product Guide file is missing.
# set_property core_revision 2 [ipx::find_open_core xilinx_finn:finn:finn_design:1.0]
# ipx::create_xgui_files [ipx::find_open_core xilinx_finn:finn:finn_design:1.0]
# ipx::update_checksums [ipx::find_open_core xilinx_finn:finn:finn_design:1.0]
# ipx::save_core [ipx::find_open_core xilinx_finn:finn:finn_design:1.0]
# set all_v_files [get_files -filter {FILE_TYPE == Verilog && USED_IN_SYNTHESIS == 1} ]
# set fp [open /tmp/finn_dev_wenlong/vivado_stitch_proj_x893tc2t/all_verilog_srcs.txt w]
# foreach vf $all_v_files {puts $fp $vf}
# close $fp
INFO: [Common 17-206] Exiting Vivado at Tue Nov  9 18:16:20 2021...
